"../../../Engine/Content/EngineMaterials/T_Default_Material_Grid_M.uasset" 0
"../../../Engine/Content/EngineMaterials/T_Default_Material_Grid_M.uexp" 1
"../../../Engine/Content/EngineMaterials/T_Default_Material_Grid_M.ubulk" 2
"../../../Engine/Content/Functions/Engine_MaterialFunctions01/Opacity/CameraDepthFade.uasset" 3
"../../../Engine/Content/Functions/Engine_MaterialFunctions01/Opacity/CameraDepthFade.uexp" 4
"../../../Engine/Content/EngineMaterials/T_Default_Material_Grid_N.uasset" 5
"../../../Engine/Content/EngineMaterials/T_Default_Material_Grid_N.uexp" 6
"../../../Engine/Content/EngineMaterials/T_Default_Material_Grid_N.ubulk" 7
"../../../Engine/Content/EngineMaterials/WorldGridMaterial.uasset" 8
"../../../Engine/Content/EngineMaterials/WorldGridMaterial.uexp" 9
"../../../Engine/Content/ArtTools/RenderToTexture/Meshes/S_1_Unit_Plane.uasset" 10
"../../../Engine/Content/ArtTools/RenderToTexture/Meshes/S_1_Unit_Plane.uexp" 11
"../../../Engine/Content/BasicShapes/Plane.uasset" 12
"../../../Engine/Content/BasicShapes/Plane.uexp" 13
"../../../Engine/Content/EditorLandscapeResources/DataLayer.uasset" 14
"../../../Engine/Content/EditorLandscapeResources/DataLayer.uexp" 15
"../../../Engine/Content/EditorLandscapeResources/DefaultAlphaTexture.uasset" 16
"../../../Engine/Content/EditorLandscapeResources/DefaultAlphaTexture.uexp" 17
"../../../Engine/Content/EditorMaterials/MAT_Groups_Toggle.uasset" 18
"../../../Engine/Content/EditorMaterials/MAT_Groups_Toggle.uexp" 19
"../../../Engine/Content/EditorMaterials/MAT_Groups_Visibility.uasset" 20
"../../../Engine/Content/EditorMaterials/MAT_Groups_Visibility.uexp" 21
"../../../Engine/Content/EditorMaterials/PreviewShadowIndicator.uasset" 22
"../../../Engine/Content/EditorMaterials/PreviewShadowIndicator.uexp" 23
"../../../Engine/Content/EditorMaterials/PreviewShadowIndicator.ubulk" 24
"../../../Engine/Content/EditorMaterials/PreviewShadowIndicatorMaterial.uasset" 25
"../../../Engine/Content/EditorMaterials/PreviewShadowIndicatorMaterial.uexp" 26
"../../../Engine/Content/EditorMaterials/MatineeGroups/MAT_ColorTrack.uasset" 27
"../../../Engine/Content/EditorMaterials/MatineeGroups/MAT_ColorTrack.uexp" 28
"../../../Engine/Content/EditorMaterials/MatineeGroups/MAT_Groups_Anim.uasset" 29
"../../../Engine/Content/EditorMaterials/MatineeGroups/MAT_Groups_Anim.uexp" 30
"../../../Engine/Content/EditorMaterials/MatineeGroups/MAT_Groups_AudioMaster.uasset" 31
"../../../Engine/Content/EditorMaterials/MatineeGroups/MAT_Groups_AudioMaster.uexp" 32
"../../../Engine/Content/EditorMaterials/MatineeGroups/MAT_Groups_Director.uasset" 33
"../../../Engine/Content/EditorMaterials/MatineeGroups/MAT_Groups_Director.uexp" 34
"../../../Engine/Content/EditorMaterials/MatineeGroups/MAT_Groups_Event.uasset" 35
"../../../Engine/Content/EditorMaterials/MatineeGroups/MAT_Groups_Event.uexp" 36
"../../../Engine/Content/EditorMaterials/MatineeGroups/MAT_Groups_Fade.uasset" 37
"../../../Engine/Content/EditorMaterials/MatineeGroups/MAT_Groups_Fade.uexp" 38
"../../../Engine/Content/EditorMaterials/MatineeGroups/MAT_Groups_Float.uasset" 39
"../../../Engine/Content/EditorMaterials/MatineeGroups/MAT_Groups_Float.uexp" 40
"../../../Engine/Content/EditorMaterials/MatineeGroups/MAT_Groups_Move.uasset" 41
"../../../Engine/Content/EditorMaterials/MatineeGroups/MAT_Groups_Move.uexp" 42
"../../../Engine/Content/EditorMaterials/MatineeGroups/MAT_Groups_Slomo.uasset" 43
"../../../Engine/Content/EditorMaterials/MatineeGroups/MAT_Groups_Slomo.uexp" 44
"../../../Engine/Content/EditorMaterials/MatineeGroups/MAT_Groups_Sound.uasset" 45
"../../../Engine/Content/EditorMaterials/MatineeGroups/MAT_Groups_Sound.uexp" 46
"../../../Engine/Content/EditorMaterials/MatineeGroups/MAT_Groups_Vector.uasset" 47
"../../../Engine/Content/EditorMaterials/MatineeGroups/MAT_Groups_Vector.uexp" 48
"../../../Engine/Content/EditorMaterials/ParticleSystems/PSysThumbnail_NoImage.uasset" 49
"../../../Engine/Content/EditorMaterials/ParticleSystems/PSysThumbnail_NoImage.uexp" 50
"../../../Engine/Content/EditorMaterials/ParticleSystems/PSysThumbnail_NoImage.ubulk" 51
"../../../Engine/Content/EditorMaterials/ParticleSystems/PSysThumbnail_OOD.uasset" 52
"../../../Engine/Content/EditorMaterials/ParticleSystems/PSysThumbnail_OOD.uexp" 53
"../../../Engine/Content/EditorMaterials/ParticleSystems/PSysThumbnail_OOD.ubulk" 54
"../../../Engine/Content/EditorMaterials/Camera/CineMat.uasset" 55
"../../../Engine/Content/EditorMaterials/Camera/CineMat.uexp" 56
"../../../Engine/Content/EditorMaterials/Camera/MI_CineMat_Rig.uasset" 57
"../../../Engine/Content/EditorMaterials/Camera/MI_CineMat_Rig.uexp" 58
"../../../Engine/Content/EditorMeshes/Camera/SM_CraneRig_Arm.uasset" 59
"../../../Engine/Content/EditorMeshes/Camera/SM_CraneRig_Arm.uexp" 60
"../../../Engine/Content/EditorMeshes/Camera/SM_CraneRig_Base.uasset" 61
"../../../Engine/Content/EditorMeshes/Camera/SM_CraneRig_Base.uexp" 62
"../../../Engine/Content/EditorMeshes/Camera/SM_CraneRig_Body.uasset" 63
"../../../Engine/Content/EditorMeshes/Camera/SM_CraneRig_Body.uexp" 64
"../../../Engine/Content/EditorMeshes/Camera/SM_CraneRig_Mount.uasset" 65
"../../../Engine/Content/EditorMeshes/Camera/SM_CraneRig_Mount.uexp" 66
"../../../Engine/Content/EditorMeshes/Camera/SM_RailRig_Mount.uasset" 67
"../../../Engine/Content/EditorMeshes/Camera/SM_RailRig_Mount.uexp" 68
"../../../Engine/Content/EditorMeshes/Camera/SM_RailRig_Track.uasset" 69
"../../../Engine/Content/EditorMeshes/Camera/SM_RailRig_Track.uexp" 70
"../../../Engine/Content/EditorResources/BSPVertex.uasset" 71
"../../../Engine/Content/EditorResources/BSPVertex.uexp" 72
"../../../Engine/Content/EditorResources/EmptyActor.uasset" 73
"../../../Engine/Content/EditorResources/EmptyActor.uexp" 74
"../../../Engine/Content/EditorResources/S_Actor.uasset" 75
"../../../Engine/Content/EditorResources/S_Actor.uexp" 76
"../../../Engine/Content/EditorResources/S_Actor.ubulk" 77
"../../../Engine/Content/EditorResources/S_Note.uasset" 78
"../../../Engine/Content/EditorResources/S_Note.uexp" 79
"../../../Engine/Content/EditorResources/S_Note.ubulk" 80
"../../../Engine/Content/EditorResources/S_Solver.uasset" 81
"../../../Engine/Content/EditorResources/S_Solver.uexp" 82
"../../../Engine/Content/EditorResources/S_Solver.ubulk" 83
"../../../Engine/Content/EditorResources/S_Terrain.uasset" 84
"../../../Engine/Content/EditorResources/S_Terrain.uexp" 85
"../../../Engine/Content/EditorResources/S_Terrain.ubulk" 86
"../../../Engine/Content/EditorResources/S_Trigger.uasset" 87
"../../../Engine/Content/EditorResources/S_Trigger.uexp" 88
"../../../Engine/Content/EditorResources/S_Trigger.ubulk" 89
"../../../Engine/Content/EditorResources/LightIcons/S_LightError.uasset" 90
"../../../Engine/Content/EditorResources/LightIcons/S_LightError.uexp" 91
"../../../Engine/Content/EditorResources/SequenceRecorder/Countdown.uasset" 92
"../../../Engine/Content/EditorResources/SequenceRecorder/Countdown.uexp" 93
"../../../Engine/Content/EditorResources/SequenceRecorder/RecordingIndicator.uasset" 94
"../../../Engine/Content/EditorResources/SequenceRecorder/RecordingIndicator.uexp" 95
"../../../Engine/Content/EngineDamageTypes/DmgTypeBP_Environmental.uasset" 96
"../../../Engine/Content/EngineDamageTypes/DmgTypeBP_Environmental.uexp" 97
"../../../Engine/Content/EngineDebugMaterials/DebugEditorMaterial.uasset" 98
"../../../Engine/Content/EngineDebugMaterials/DebugEditorMaterial.uexp" 99
"../../../Engine/Content/EngineDebugMaterials/DebugMeshMaterial.uasset" 100
"../../../Engine/Content/EngineDebugMaterials/DebugMeshMaterial.uexp" 101
"../../../Engine/Content/EngineDebugMaterials/M_SimpleUnlitTranslucent.uasset" 102
"../../../Engine/Content/EngineDebugMaterials/M_SimpleUnlitTranslucent.uexp" 103
"../../../Engine/Content/EngineDebugMaterials/VolumeToRender.uasset" 104
"../../../Engine/Content/EngineDebugMaterials/VolumeToRender.uexp" 105
"../../../Engine/Content/Functions/Engine_MaterialFunctions02/Utility/CameraDirectionVector.uasset" 106
"../../../Engine/Content/Functions/Engine_MaterialFunctions02/Utility/CameraDirectionVector.uexp" 107
"../../../Engine/Content/EngineDebugMaterials/M_VolumeRenderSphereTracePP.uasset" 108
"../../../Engine/Content/EngineDebugMaterials/M_VolumeRenderSphereTracePP.uexp" 109
"../../../Engine/Content/Functions/Engine_MaterialFunctions01/Shading/ConvertFromDiffSpec.uasset" 110
"../../../Engine/Content/Functions/Engine_MaterialFunctions01/Shading/ConvertFromDiffSpec.uexp" 111
"../../../Engine/Content/EngineDebugMaterials/VertexColorMaterial.uasset" 112
"../../../Engine/Content/EngineDebugMaterials/VertexColorMaterial.uexp" 113
"../../../Engine/Content/EngineDebugMaterials/WireframeMaterial.uasset" 114
"../../../Engine/Content/EngineDebugMaterials/WireframeMaterial.uexp" 115
"../../../Engine/Content/EngineFonts/Faces/RobotoRegular.uasset" 116
"../../../Engine/Content/EngineFonts/Faces/RobotoRegular.uexp" 117
"../../../Engine/Content/EngineFonts/Faces/RobotoRegular.ufont" 118
"../../../Engine/Content/EngineFonts/Faces/RobotoLight.uasset" 119
"../../../Engine/Content/EngineFonts/Faces/RobotoLight.uexp" 120
"../../../Engine/Content/EngineFonts/Faces/RobotoLight.ufont" 121
"../../../Engine/Content/EngineFonts/Faces/RobotoItalic.uasset" 122
"../../../Engine/Content/EngineFonts/Faces/RobotoItalic.uexp" 123
"../../../Engine/Content/EngineFonts/Faces/RobotoItalic.ufont" 124
"../../../Engine/Content/EngineFonts/Faces/RobotoBoldItalic.uasset" 125
"../../../Engine/Content/EngineFonts/Faces/RobotoBoldItalic.uexp" 126
"../../../Engine/Content/EngineFonts/Faces/RobotoBoldItalic.ufont" 127
"../../../Engine/Content/EngineFonts/Faces/DroidSansFallback.uasset" 128
"../../../Engine/Content/EngineFonts/Faces/DroidSansFallback.uexp" 129
"../../../Engine/Content/EngineFonts/Faces/DroidSansFallback.ufont" 130
"../../../Engine/Content/EngineFonts/Faces/RobotoBold.uasset" 131
"../../../Engine/Content/EngineFonts/Faces/RobotoBold.uexp" 132
"../../../Engine/Content/EngineFonts/Faces/RobotoBold.ufont" 133
"../../../Engine/Content/EngineFonts/Roboto.uasset" 134
"../../../Engine/Content/EngineFonts/Roboto.uexp" 135
"../../../Engine/Content/EngineMaterials/BlueNoise.uasset" 136
"../../../Engine/Content/EngineMaterials/BlueNoise.uexp" 137
"../../../Engine/Content/EngineMaterials/DefaultBloomKernel.uasset" 138
"../../../Engine/Content/EngineMaterials/DefaultBloomKernel.uexp" 139
"../../../Engine/Content/EngineMaterials/DefaultBokeh.uasset" 140
"../../../Engine/Content/EngineMaterials/DefaultBokeh.uexp" 141
"../../../Engine/Content/EngineMaterials/DefaultDiffuse.uasset" 142
"../../../Engine/Content/EngineMaterials/DefaultDiffuse.uexp" 143
"../../../Engine/Content/EngineMaterials/DefaultDiffuse.ubulk" 144
"../../../Engine/Content/EngineMaterials/DefaultDeferredDecalMaterial.uasset" 145
"../../../Engine/Content/EngineMaterials/DefaultDeferredDecalMaterial.uexp" 146
"../../../Engine/Content/EngineMaterials/DefaultLightFunctionMaterial.uasset" 147
"../../../Engine/Content/EngineMaterials/DefaultLightFunctionMaterial.uexp" 148
"../../../Engine/Content/EngineMaterials/DefaultPhysicalMaterial.uasset" 149
"../../../Engine/Content/EngineMaterials/DefaultPhysicalMaterial.uexp" 150
"../../../Engine/Content/Functions/Engine_MaterialFunctions02/Utility/BreakOutFloat2Components.uasset" 151
"../../../Engine/Content/Functions/Engine_MaterialFunctions02/Utility/BreakOutFloat2Components.uexp" 152
"../../../Engine/Content/EngineMaterials/DefaultPostProcessMaterial.uasset" 153
"../../../Engine/Content/EngineMaterials/DefaultPostProcessMaterial.uexp" 154
"../../../Engine/Content/EngineFonts/RobotoDistanceField.uasset" 155
"../../../Engine/Content/EngineFonts/RobotoDistanceField.uexp" 156
"../../../Engine/Content/EngineMaterials/DefaultTextMaterialOpaque.uasset" 157
"../../../Engine/Content/EngineMaterials/DefaultTextMaterialOpaque.uexp" 158
"../../../Engine/Content/EngineMaterials/DefaultWhiteGrid.uasset" 159
"../../../Engine/Content/EngineMaterials/DefaultWhiteGrid.uexp" 160
"../../../Engine/Content/EngineMaterials/DefaultWhiteGrid.ubulk" 161
"../../../Engine/Content/EngineMaterials/DefaultWhiteGrid_Low.uasset" 162
"../../../Engine/Content/EngineMaterials/DefaultWhiteGrid_Low.uexp" 163
"../../../Engine/Content/EngineMaterials/EmissiveMeshMaterial.uasset" 164
"../../../Engine/Content/EngineMaterials/EmissiveMeshMaterial.uexp" 165
"../../../Engine/Content/EngineMaterials/GizmoMaterial.uasset" 166
"../../../Engine/Content/EngineMaterials/GizmoMaterial.uexp" 167
"../../../Engine/Content/EngineMaterials/Good64x64TilingNoiseHighFreq.uasset" 168
"../../../Engine/Content/EngineMaterials/Good64x64TilingNoiseHighFreq.uexp" 169
"../../../Engine/Content/EngineMaterials/MiniFont.uasset" 170
"../../../Engine/Content/EngineMaterials/MiniFont.uexp" 171
"../../../Engine/Content/EngineMaterials/InvalidLightmapSettings.uasset" 172
"../../../Engine/Content/EngineMaterials/InvalidLightmapSettings.uexp" 173
"../../../Engine/Content/EngineMaterials/InvalidLightmapSettings.ubulk" 174
"../../../Engine/Content/EngineMaterials/M_InvalidLightmapSettings.uasset" 175
"../../../Engine/Content/EngineMaterials/M_InvalidLightmapSettings.uexp" 176
"../../../Engine/Content/Functions/Engine_MaterialFunctions02/WorldPositionOffset/CameraOffset.uasset" 177
"../../../Engine/Content/Functions/Engine_MaterialFunctions02/WorldPositionOffset/CameraOffset.uexp" 178
"../../../Engine/Content/EngineMaterials/PhAT_JointLimitMaterial.uasset" 179
"../../../Engine/Content/EngineMaterials/PhAT_JointLimitMaterial.uexp" 180
"../../../Engine/Content/EngineMaterials/DefaultCalibrationColor.uasset" 181
"../../../Engine/Content/EngineMaterials/DefaultCalibrationColor.uexp" 182
"../../../Engine/Content/EngineMaterials/PPM_DefaultCalibrationColor.uasset" 183
"../../../Engine/Content/EngineMaterials/PPM_DefaultCalibrationColor.uexp" 184
"../../../Engine/Content/EngineMaterials/DefaultCalibrationGrayscale.uasset" 185
"../../../Engine/Content/EngineMaterials/DefaultCalibrationGrayscale.uexp" 186
"../../../Engine/Content/EngineMaterials/PPM_DefaultCalibrationGrayscale.uasset" 187
"../../../Engine/Content/EngineMaterials/PPM_DefaultCalibrationGrayscale.uexp" 188
"../../../Engine/Content/EngineMaterials/PreintegratedSkinBRDF.uasset" 189
"../../../Engine/Content/EngineMaterials/PreintegratedSkinBRDF.uexp" 190
"../../../Engine/Content/EngineMaterials/RemoveSurfaceMaterial.uasset" 191
"../../../Engine/Content/EngineMaterials/RemoveSurfaceMaterial.uexp" 192
"../../../Engine/Content/EngineMaterials/WeightMapPlaceholderTexture.uasset" 193
"../../../Engine/Content/EngineMaterials/WeightMapPlaceholderTexture.uexp" 194
"../../../Engine/Content/EngineResources/WhiteSquareTexture.uasset" 195
"../../../Engine/Content/EngineResources/WhiteSquareTexture.uexp" 196
"../../../Engine/Content/EngineMaterials/Widget3DPassThrough.uasset" 197
"../../../Engine/Content/EngineMaterials/Widget3DPassThrough.uexp" 198
"../../../Engine/Content/EngineMaterials/Widget3DPassThrough_Masked.uasset" 199
"../../../Engine/Content/EngineMaterials/Widget3DPassThrough_Masked.uexp" 200
"../../../Engine/Content/EngineMaterials/Widget3DPassThrough_Opaque.uasset" 201
"../../../Engine/Content/EngineMaterials/Widget3DPassThrough_Opaque.uexp" 202
"../../../Engine/Content/EngineMaterials/Widget3DPassThrough_Masked_OneSided.uasset" 203
"../../../Engine/Content/EngineMaterials/Widget3DPassThrough_Masked_OneSided.uexp" 204
"../../../Engine/Content/EngineMaterials/Widget3DPassThrough_Opaque_OneSided.uasset" 205
"../../../Engine/Content/EngineMaterials/Widget3DPassThrough_Opaque_OneSided.uexp" 206
"../../../Engine/Content/EngineMaterials/Widget3DPassThrough_Translucent.uasset" 207
"../../../Engine/Content/EngineMaterials/Widget3DPassThrough_Translucent.uexp" 208
"../../../Engine/Content/EngineMaterials/Widget3DPassThrough_Translucent_OneSided.uasset" 209
"../../../Engine/Content/EngineMaterials/Widget3DPassThrough_Translucent_OneSided.uexp" 210
"../../../Engine/Content/EngineMaterials/DefaultMaterial.uasset" 211
"../../../Engine/Content/EngineMaterials/DefaultMaterial.uexp" 212
"../../../Engine/Content/EngineMeshes/Cylinder.uasset" 213
"../../../Engine/Content/EngineMeshes/Cylinder.uexp" 214
"../../../Engine/Content/EngineMeshes/Sphere.uasset" 215
"../../../Engine/Content/EngineMeshes/Sphere.uexp" 216
"../../../Engine/Content/EngineResources/DefaultTexture.uasset" 217
"../../../Engine/Content/EngineResources/DefaultTexture.uexp" 218
"../../../Engine/Content/EngineResources/DefaultTexture.ubulk" 219
"../../../Engine/Content/EngineResources/DefaultTextureCube.uasset" 220
"../../../Engine/Content/EngineResources/DefaultTextureCube.uexp" 221
"../../../Engine/Content/EngineResources/DefaultVolumeTexture2D.uasset" 222
"../../../Engine/Content/EngineResources/DefaultVolumeTexture2D.uexp" 223
"../../../Engine/Content/EngineResources/DefaultVolumeTexture.uasset" 224
"../../../Engine/Content/EngineResources/DefaultVolumeTexture.uexp" 225
"../../../Engine/Content/EngineResources/GradientTexture0.uasset" 226
"../../../Engine/Content/EngineResources/GradientTexture0.uexp" 227
"../../../Engine/Content/EngineSky/VolumetricClouds/T_NoiseShape64.uasset" 228
"../../../Engine/Content/EngineSky/VolumetricClouds/T_NoiseShape64.uexp" 229
"../../../Engine/Content/EngineSky/VolumetricClouds/T_NoiseShape64.ubulk" 230
"../../../Engine/Content/EngineSky/VolumetricClouds/T_VolumeNoiseShape64.uasset" 231
"../../../Engine/Content/EngineSky/VolumetricClouds/T_VolumeNoiseShape64.uexp" 232
"../../../Engine/Content/EngineSky/VolumetricClouds/T_NoiseErosion.uasset" 233
"../../../Engine/Content/EngineSky/VolumetricClouds/T_NoiseErosion.uexp" 234
"../../../Engine/Content/EngineSky/VolumetricClouds/T_NoiseErosion.ubulk" 235
"../../../Engine/Content/EngineSky/VolumetricClouds/T_VolumeNoiseErosion32.uasset" 236
"../../../Engine/Content/EngineSky/VolumetricClouds/T_VolumeNoiseErosion32.uexp" 237
"../../../Engine/Content/EngineSky/VolumetricClouds/CloudWeatherTexture.uasset" 238
"../../../Engine/Content/EngineSky/VolumetricClouds/CloudWeatherTexture.uexp" 239
"../../../Engine/Content/EngineSky/VolumetricClouds/CloudGradientTexture.uasset" 240
"../../../Engine/Content/EngineSky/VolumetricClouds/CloudGradientTexture.uexp" 241
"../../../Engine/Content/Functions/Engine_MaterialFunctions02/Utility/MakeFloat2.uasset" 242
"../../../Engine/Content/Functions/Engine_MaterialFunctions02/Utility/MakeFloat2.uexp" 243
"../../../Engine/Content/EngineSky/VolumetricClouds/m_SimpleVolumetricCloud.uasset" 244
"../../../Engine/Content/EngineSky/VolumetricClouds/m_SimpleVolumetricCloud.uexp" 245
"../../../Engine/Content/EngineSky/VolumetricClouds/m_SimpleVolumetricCloud_Inst.uasset" 246
"../../../Engine/Content/EngineSky/VolumetricClouds/m_SimpleVolumetricCloud_Inst.uexp" 247
"../../../Engine/Content/EngineSounds/Master.uasset" 248
"../../../Engine/Content/EngineSounds/Master.uexp" 249
"../../../Engine/Content/Functions/Engine_MaterialFunctions01/Shading/PowerToRoughness.uasset" 250
"../../../Engine/Content/Functions/Engine_MaterialFunctions01/Shading/PowerToRoughness.uexp" 251
"../../../Engine/Content/Maps/Templates/Thumbnails/Default.uasset" 252
"../../../Engine/Content/Maps/Templates/Thumbnails/Default.uexp" 253
"../../../Engine/Content/Maps/Templates/Thumbnails/TimeOfDay.uasset" 254
"../../../Engine/Content/Maps/Templates/Thumbnails/TimeOfDay.uexp" 255
"../../../Engine/Content/Maps/Templates/Thumbnails/VR-Basic.uasset" 256
"../../../Engine/Content/Maps/Templates/Thumbnails/VR-Basic.uexp" 257
"../../../Engine/Content/MobileResources/T_MobileControls_texture.uasset" 258
"../../../Engine/Content/MobileResources/T_MobileControls_texture.uexp" 259
"../../../Engine/Content/MobileResources/T_MobileMenu2.uasset" 260
"../../../Engine/Content/MobileResources/T_MobileMenu2.uexp" 261
"../../../Engine/Content/MobileResources/HUD/AnalogHat.uasset" 262
"../../../Engine/Content/MobileResources/HUD/AnalogHat.uexp" 263
"../../../Engine/Content/MobileResources/HUD/VirtualJoystick_Thumb.uasset" 264
"../../../Engine/Content/MobileResources/HUD/VirtualJoystick_Thumb.uexp" 265
"../../../Engine/Content/MobileResources/HUD/VirtualJoystick_Background.uasset" 266
"../../../Engine/Content/MobileResources/HUD/VirtualJoystick_Background.uexp" 267
"../../../Engine/Content/MobileResources/HUD/DefaultVirtualJoysticks.uasset" 268
"../../../Engine/Content/MobileResources/HUD/DefaultVirtualJoysticks.uexp" 269
"../../../Engine/Content/MobileResources/HUD/LeftVirtualJoystickOnly.uasset" 270
"../../../Engine/Content/MobileResources/HUD/LeftVirtualJoystickOnly.uexp" 271
"../../../Engine/Content/MobileResources/HUD/MobileHUDButton1_off.uasset" 272
"../../../Engine/Content/MobileResources/HUD/MobileHUDButton1_off.uexp" 273
"../../../Engine/Content/MobileResources/HUD/MobileHUDButton1_on.uasset" 274
"../../../Engine/Content/MobileResources/HUD/MobileHUDButton1_on.uexp" 275
"../../../Engine/Content/MobileResources/HUD/MobileHUDButton2_off.uasset" 276
"../../../Engine/Content/MobileResources/HUD/MobileHUDButton2_off.uexp" 277
"../../../Engine/Content/MobileResources/HUD/MobileHUDButton2_on.uasset" 278
"../../../Engine/Content/MobileResources/HUD/MobileHUDButton2_on.uexp" 279
"../../../Engine/Content/MobileResources/HUD/MobileHUDButton3.uasset" 280
"../../../Engine/Content/MobileResources/HUD/MobileHUDButton3.uexp" 281
"../../../Engine/Content/MobileResources/HUD/MobileHUDButtonFire.uasset" 282
"../../../Engine/Content/MobileResources/HUD/MobileHUDButtonFire.uexp" 283
"../../../Engine/Content/MobileResources/HUD/MobileHUDDirectionPad.uasset" 284
"../../../Engine/Content/MobileResources/HUD/MobileHUDDirectionPad.uexp" 285
"../../../Engine/Content/MobileResources/HUD/MobileHUDDirectionPad2.uasset" 286
"../../../Engine/Content/MobileResources/HUD/MobileHUDDirectionPad2.uexp" 287
"../../../Engine/Content/MobileResources/HUD/MobileHUDDirectionPad3.uasset" 288
"../../../Engine/Content/MobileResources/HUD/MobileHUDDirectionPad3.uexp" 289
"../../../Engine/Content/MobileResources/HUD/MobileHUDDirectionStick.uasset" 290
"../../../Engine/Content/MobileResources/HUD/MobileHUDDirectionStick.uexp" 291
"../../../Engine/Content/MobileResources/HUD/T_Castle_ThumbstickInner.uasset" 292
"../../../Engine/Content/MobileResources/HUD/T_Castle_ThumbstickInner.uexp" 293
"../../../Engine/Content/MobileResources/HUD/T_Castle_ThumbstickOutter.uasset" 294
"../../../Engine/Content/MobileResources/HUD/T_Castle_ThumbstickOutter.uexp" 295
"../../../Engine/Content/Tutorial/ContentIntroCurve.uasset" 296
"../../../Engine/Content/Tutorial/ContentIntroCurve.uexp" 297
"../../../Engine/Content/Tutorial/Basics/TutorialAssets/icon_tab_Levels_40x.uasset" 298
"../../../Engine/Content/Tutorial/Basics/TutorialAssets/icon_tab_Levels_40x.uexp" 299
"../../../Engine/Content/VREditor/TransformGizmo/TranslucentTransformGizmoMaterial.uasset" 300
"../../../Engine/Content/VREditor/TransformGizmo/TranslucentTransformGizmoMaterial.uexp" 301
"../../../Engine/Content/VREditor/LaserPointer/VR_LaserPower_01.uasset" 302
"../../../Engine/Content/VREditor/LaserPointer/VR_LaserPower_01.uexp" 303
"../../../Engine/Content/VREditor/LaserPointer/VR_LaserPower_01.ubulk" 304
"../../../Engine/Content/VREditor/TransformGizmo/TransformGizmoMaterial.uasset" 305
"../../../Engine/Content/VREditor/TransformGizmo/TransformGizmoMaterial.uexp" 306
"../../../Engine/Content/VREditor/TransformGizmo/BoundingBoxCorner.uasset" 307
"../../../Engine/Content/VREditor/TransformGizmo/BoundingBoxCorner.uexp" 308
"../../../Engine/Content/VREditor/TransformGizmo/BoundingBoxEdge.uasset" 309
"../../../Engine/Content/VREditor/TransformGizmo/BoundingBoxEdge.uexp" 310
"../../../Engine/Content/VREditor/TransformGizmo/PlaneTranslationHandle.uasset" 311
"../../../Engine/Content/VREditor/TransformGizmo/PlaneTranslationHandle.uexp" 312
"../../../Engine/Content/VREditor/TransformGizmo/Xray.uasset" 313
"../../../Engine/Content/VREditor/TransformGizmo/Xray.uexp" 314
"../../../Engine/Content/VREditor/TransformGizmo/Main.uasset" 315
"../../../Engine/Content/VREditor/TransformGizmo/Main.uexp" 316
"../../../Engine/Content/VREditor/TransformGizmo/SM_Sequencer_Key.uasset" 317
"../../../Engine/Content/VREditor/TransformGizmo/SM_Sequencer_Key.uexp" 318
"../../../Engine/Content/VREditor/TransformGizmo/SM_Sequencer_Node.uasset" 319
"../../../Engine/Content/VREditor/TransformGizmo/SM_Sequencer_Node.uexp" 320
"../../../Engine/Plugins/2D/Paper2D/Content/PlaceholderTextures/DummySpriteTexture.uasset" 321
"../../../Engine/Plugins/2D/Paper2D/Content/PlaceholderTextures/DummySpriteTexture.uexp" 322
"../../../Engine/Plugins/2D/Paper2D/Content/PlaceholderTextures/DummySpriteTexture.ubulk" 323
"../../../Engine/Plugins/2D/Paper2D/Content/DummySprite.uasset" 324
"../../../Engine/Plugins/2D/Paper2D/Content/DummySprite.uexp" 325
"../../../Engine/Plugins/2D/Paper2D/Content/DefaultPaperTerrainMaterial.uasset" 326
"../../../Engine/Plugins/2D/Paper2D/Content/DefaultPaperTerrainMaterial.uexp" 327
"../../../Engine/Plugins/2D/Paper2D/Content/DefaultSpriteMaterial.uasset" 328
"../../../Engine/Plugins/2D/Paper2D/Content/DefaultSpriteMaterial.uexp" 329
"../../../Engine/Plugins/2D/Paper2D/Content/MaskedUnlitSpriteMaterial.uasset" 330
"../../../Engine/Plugins/2D/Paper2D/Content/MaskedUnlitSpriteMaterial.uexp" 331
"../../../Engine/Plugins/2D/Paper2D/Content/OpaqueUnlitSpriteMaterial.uasset" 332
"../../../Engine/Plugins/2D/Paper2D/Content/OpaqueUnlitSpriteMaterial.uexp" 333
"../../../Engine/Content/Functions/Engine_MaterialFunctions02/Utility/BreakOutFloat3Components.uasset" 334
"../../../Engine/Content/Functions/Engine_MaterialFunctions02/Utility/BreakOutFloat3Components.uexp" 335
"../../../Engine/Plugins/Editor/SpeedTreeImporter/Content/SpeedTree9/UnpackInteger3.uasset" 336
"../../../Engine/Plugins/Editor/SpeedTreeImporter/Content/SpeedTree9/UnpackInteger3.uexp" 337
"../../../Engine/Plugins/Editor/SpeedTreeImporter/Content/SpeedTree9/UnpackDirection.uasset" 338
"../../../Engine/Plugins/Editor/SpeedTreeImporter/Content/SpeedTree9/UnpackDirection.uexp" 339
"../../../Engine/Plugins/Editor/SpeedTreeImporter/Content/SpeedTree9/game_wind_noise.uasset" 340
"../../../Engine/Plugins/Editor/SpeedTreeImporter/Content/SpeedTree9/game_wind_noise.uexp" 341
"../../../Engine/Plugins/Editor/SpeedTreeImporter/Content/SpeedTree9/game_wind_noise.ubulk" 342
"../../../Engine/Content/Functions/Engine_MaterialFunctions02/SafeNormalize.uasset" 343
"../../../Engine/Content/Functions/Engine_MaterialFunctions02/SafeNormalize.uexp" 344
"../../../Engine/Plugins/Editor/SpeedTreeImporter/Content/SpeedTree9/SpeedTreeWindMotion.uasset" 345
"../../../Engine/Plugins/Editor/SpeedTreeImporter/Content/SpeedTree9/SpeedTreeWindMotion.uexp" 346
"../../../Engine/Plugins/Editor/SpeedTreeImporter/Content/SpeedTree9/SpeedTreeBranchMotion.uasset" 347
"../../../Engine/Plugins/Editor/SpeedTreeImporter/Content/SpeedTree9/SpeedTreeBranchMotion.uexp" 348
"../../../Engine/Content/Functions/Engine_MaterialFunctions02/ObjectLocalBounds.uasset" 349
"../../../Engine/Content/Functions/Engine_MaterialFunctions02/ObjectLocalBounds.uexp" 350
"../../../Engine/Content/Functions/Engine_MaterialFunctions02/UVs/BoundingBoxBased_0-1_UVW.uasset" 351
"../../../Engine/Content/Functions/Engine_MaterialFunctions02/UVs/BoundingBoxBased_0-1_UVW.uexp" 352
"../../../Engine/Content/Functions/Engine_MaterialFunctions02/Utility/VectorLength.uasset" 353
"../../../Engine/Content/Functions/Engine_MaterialFunctions02/Utility/VectorLength.uexp" 354
"../../../Engine/Content/Functions/Engine_MaterialFunctions02/WorldPositionOffset/ObjectScale.uasset" 355
"../../../Engine/Content/Functions/Engine_MaterialFunctions02/WorldPositionOffset/ObjectScale.uexp" 356
"../../../Engine/Plugins/Editor/SpeedTreeImporter/Content/SpeedTree9/SpeedTreeWind.uasset" 357
"../../../Engine/Plugins/Editor/SpeedTreeImporter/Content/SpeedTree9/SpeedTreeWind.uexp" 358
"../../../Engine/Plugins/Editor/SpeedTreeImporter/Content/SpeedTree9/SpeedTreeBillboard.uasset" 359
"../../../Engine/Plugins/Editor/SpeedTreeImporter/Content/SpeedTree9/SpeedTreeBillboard.uexp" 360
"../../../Engine/Plugins/Editor/SpeedTreeImporter/Content/SpeedTree9/EmptyNormal.uasset" 361
"../../../Engine/Plugins/Editor/SpeedTreeImporter/Content/SpeedTree9/EmptyNormal.uexp" 362
"../../../Engine/Plugins/Editor/SpeedTreeImporter/Content/SpeedTree9/Empty.uasset" 363
"../../../Engine/Plugins/Editor/SpeedTreeImporter/Content/SpeedTree9/Empty.uexp" 364
"../../../Engine/Plugins/Editor/SpeedTreeImporter/Content/SpeedTree9/SpeedTreeBillboardMaster.uasset" 365
"../../../Engine/Plugins/Editor/SpeedTreeImporter/Content/SpeedTree9/SpeedTreeBillboardMaster.uexp" 366
"../../../Engine/Plugins/Editor/SpeedTreeImporter/Content/SpeedTree9/SpeedTreeCameraFacing.uasset" 367
"../../../Engine/Plugins/Editor/SpeedTreeImporter/Content/SpeedTree9/SpeedTreeCameraFacing.uexp" 368
"../../../Engine/Plugins/Editor/SpeedTreeImporter/Content/SpeedTree9/SpeedTreeMaster.uasset" 369
"../../../Engine/Plugins/Editor/SpeedTreeImporter/Content/SpeedTree9/SpeedTreeMaster.uexp" 370
"../../../Engine/Content/BasicShapes/Cylinder.uasset" 371
"../../../Engine/Content/BasicShapes/Cylinder.uexp" 372
"../../../Engine/Content/ArtTools/RenderToTexture/Materials/Debug/M_Emissive_Color.uasset" 373
"../../../Engine/Content/ArtTools/RenderToTexture/Materials/Debug/M_Emissive_Color.uexp" 374
"../../../Engine/Plugins/Lumin/MagicLeapPassableWorld/Content/MagicLeapARPinInfoActor.uasset" 375
"../../../Engine/Plugins/Lumin/MagicLeapPassableWorld/Content/MagicLeapARPinInfoActor.uexp" 376
"../../../Engine/Plugins/Runtime/OpenXR/Content/Devices/GoogleDaydream/MRTexture.uasset" 377
"../../../Engine/Plugins/Runtime/OpenXR/Content/Devices/GoogleDaydream/MRTexture.uexp" 378
"../../../Engine/Plugins/Runtime/OpenXR/Content/Devices/GoogleDaydream/MRTexture.ubulk" 379
"../../../Engine/Plugins/Runtime/OpenXR/Content/Devices/GoogleDaydream/BaseTexture.uasset" 380
"../../../Engine/Plugins/Runtime/OpenXR/Content/Devices/GoogleDaydream/BaseTexture.uexp" 381
"../../../Engine/Plugins/Runtime/OpenXR/Content/Devices/GoogleDaydream/BaseTexture.ubulk" 382
"../../../Engine/Content/EngineResources/Black.uasset" 383
"../../../Engine/Content/EngineResources/Black.uexp" 384
"../../../Engine/Content/EngineMaterials/BaseFlattenNormalMap.uasset" 385
"../../../Engine/Content/EngineMaterials/BaseFlattenNormalMap.uexp" 386
"../../../Engine/Plugins/Runtime/OpenXR/Content/Devices/M_XRController.uasset" 387
"../../../Engine/Plugins/Runtime/OpenXR/Content/Devices/M_XRController.uexp" 388
"../../../Engine/Plugins/Runtime/OpenXR/Content/Devices/GoogleDaydream/MI_GoogleDaydream.uasset" 389
"../../../Engine/Plugins/Runtime/OpenXR/Content/Devices/GoogleDaydream/MI_GoogleDaydream.uexp" 390
"../../../Engine/Plugins/Runtime/OpenXR/Content/Devices/GoogleDaydream/GoogleDaydreamController.uasset" 391
"../../../Engine/Plugins/Runtime/OpenXR/Content/Devices/GoogleDaydream/GoogleDaydreamController.uexp" 392
"../../../Engine/Plugins/Runtime/OpenXR/Content/Devices/HTCVive/BaseTexture.uasset" 393
"../../../Engine/Plugins/Runtime/OpenXR/Content/Devices/HTCVive/BaseTexture.uexp" 394
"../../../Engine/Plugins/Runtime/OpenXR/Content/Devices/HTCVive/BaseTexture.ubulk" 395
"../../../Engine/Plugins/Runtime/OpenXR/Content/Devices/HTCVive/MI_HTCVive.uasset" 396
"../../../Engine/Plugins/Runtime/OpenXR/Content/Devices/HTCVive/MI_HTCVive.uexp" 397
"../../../Engine/Plugins/Runtime/OpenXR/Content/Devices/HTCVive/HTCViveController.uasset" 398
"../../../Engine/Plugins/Runtime/OpenXR/Content/Devices/HTCVive/HTCViveController.uexp" 399
"../../../Engine/Plugins/Runtime/OpenXR/Content/Devices/MicrosoftMixedReality/NormalTexture.uasset" 400
"../../../Engine/Plugins/Runtime/OpenXR/Content/Devices/MicrosoftMixedReality/NormalTexture.uexp" 401
"../../../Engine/Plugins/Runtime/OpenXR/Content/Devices/MicrosoftMixedReality/NormalTexture.ubulk" 402
"../../../Engine/Plugins/Runtime/OpenXR/Content/Devices/MicrosoftMixedReality/MRTexture.uasset" 403
"../../../Engine/Plugins/Runtime/OpenXR/Content/Devices/MicrosoftMixedReality/MRTexture.uexp" 404
"../../../Engine/Plugins/Runtime/OpenXR/Content/Devices/MicrosoftMixedReality/MRTexture.ubulk" 405
"../../../Engine/Plugins/Runtime/OpenXR/Content/Devices/MicrosoftMixedReality/EmissiveTexture.uasset" 406
"../../../Engine/Plugins/Runtime/OpenXR/Content/Devices/MicrosoftMixedReality/EmissiveTexture.uexp" 407
"../../../Engine/Plugins/Runtime/OpenXR/Content/Devices/MicrosoftMixedReality/EmissiveTexture.ubulk" 408
"../../../Engine/Plugins/Runtime/OpenXR/Content/Devices/MicrosoftMixedReality/BaseTexture.uasset" 409
"../../../Engine/Plugins/Runtime/OpenXR/Content/Devices/MicrosoftMixedReality/BaseTexture.uexp" 410
"../../../Engine/Plugins/Runtime/OpenXR/Content/Devices/MicrosoftMixedReality/BaseTexture.ubulk" 411
"../../../Engine/Plugins/Runtime/OpenXR/Content/Devices/MicrosoftMixedReality/MI_MicrosoftMixedReality.uasset" 412
"../../../Engine/Plugins/Runtime/OpenXR/Content/Devices/MicrosoftMixedReality/MI_MicrosoftMixedReality.uexp" 413
"../../../Engine/Plugins/Runtime/OpenXR/Content/Devices/MicrosoftMixedReality/Left/left_MicrosoftMixedRealityController.uasset" 414
"../../../Engine/Plugins/Runtime/OpenXR/Content/Devices/MicrosoftMixedReality/Left/left_MicrosoftMixedRealityController.uexp" 415
"../../../Engine/Plugins/Runtime/OpenXR/Content/Devices/MicrosoftMixedReality/Right/right_MicrosoftMixedRealityController.uasset" 416
"../../../Engine/Plugins/Runtime/OpenXR/Content/Devices/MicrosoftMixedReality/Right/right_MicrosoftMixedRealityController.uexp" 417
"../../../Engine/Plugins/Runtime/OpenXR/Content/Devices/OculusGo/BaseTexture.uasset" 418
"../../../Engine/Plugins/Runtime/OpenXR/Content/Devices/OculusGo/BaseTexture.uexp" 419
"../../../Engine/Plugins/Runtime/OpenXR/Content/Devices/OculusGo/BaseTexture.ubulk" 420
"../../../Engine/Plugins/Runtime/OpenXR/Content/Devices/OculusGo/MI_OculusGo.uasset" 421
"../../../Engine/Plugins/Runtime/OpenXR/Content/Devices/OculusGo/MI_OculusGo.uexp" 422
"../../../Engine/Plugins/Runtime/OpenXR/Content/Devices/OculusGo/OculusGoController.uasset" 423
"../../../Engine/Plugins/Runtime/OpenXR/Content/Devices/OculusGo/OculusGoController.uexp" 424
"../../../Engine/Plugins/Runtime/OpenXR/Content/Devices/OculusTouch/MRTexture.uasset" 425
"../../../Engine/Plugins/Runtime/OpenXR/Content/Devices/OculusTouch/MRTexture.uexp" 426
"../../../Engine/Plugins/Runtime/OpenXR/Content/Devices/OculusTouch/MRTexture.ubulk" 427
"../../../Engine/Plugins/Runtime/OpenXR/Content/Devices/OculusTouch/BaseTexture.uasset" 428
"../../../Engine/Plugins/Runtime/OpenXR/Content/Devices/OculusTouch/BaseTexture.uexp" 429
"../../../Engine/Plugins/Runtime/OpenXR/Content/Devices/OculusTouch/BaseTexture.ubulk" 430
"../../../Engine/Plugins/Runtime/OpenXR/Content/Devices/OculusTouch/MI_OculusTouch.uasset" 431
"../../../Engine/Plugins/Runtime/OpenXR/Content/Devices/OculusTouch/MI_OculusTouch.uexp" 432
"../../../Engine/Plugins/Runtime/OpenXR/Content/Devices/OculusTouch/Left/left_OculusTouchController.uasset" 433
"../../../Engine/Plugins/Runtime/OpenXR/Content/Devices/OculusTouch/Left/left_OculusTouchController.uexp" 434
"../../../Engine/Plugins/Runtime/OpenXR/Content/Devices/OculusTouch/Right/right_OculusTouchController.uasset" 435
"../../../Engine/Plugins/Runtime/OpenXR/Content/Devices/OculusTouch/Right/right_OculusTouchController.uexp" 436
"../../../Engine/Plugins/Runtime/OpenXR/Content/Devices/OculusTouch_v2/MRTexture.uasset" 437
"../../../Engine/Plugins/Runtime/OpenXR/Content/Devices/OculusTouch_v2/MRTexture.uexp" 438
"../../../Engine/Plugins/Runtime/OpenXR/Content/Devices/OculusTouch_v2/MRTexture.ubulk" 439
"../../../Engine/Plugins/Runtime/OpenXR/Content/Devices/OculusTouch_v2/BaseTexture.uasset" 440
"../../../Engine/Plugins/Runtime/OpenXR/Content/Devices/OculusTouch_v2/BaseTexture.uexp" 441
"../../../Engine/Plugins/Runtime/OpenXR/Content/Devices/OculusTouch_v2/BaseTexture.ubulk" 442
"../../../Engine/Plugins/Runtime/OpenXR/Content/Devices/OculusTouch_v2/MI_OculusTouch_v2.uasset" 443
"../../../Engine/Plugins/Runtime/OpenXR/Content/Devices/OculusTouch_v2/MI_OculusTouch_v2.uexp" 444
"../../../Engine/Plugins/Runtime/OpenXR/Content/Devices/OculusTouch_v2/Left/left_OculusTouch_v2Controller.uasset" 445
"../../../Engine/Plugins/Runtime/OpenXR/Content/Devices/OculusTouch_v2/Left/left_OculusTouch_v2Controller.uexp" 446
"../../../Engine/Plugins/Runtime/OpenXR/Content/Devices/OculusTouch_v2/Right/right_OculusTouch_v2Controller.uasset" 447
"../../../Engine/Plugins/Runtime/OpenXR/Content/Devices/OculusTouch_v2/Right/right_OculusTouch_v2Controller.uexp" 448
"../../../Engine/Plugins/Runtime/OpenXR/Content/Devices/OculusTouch_v3/MRTexture.uasset" 449
"../../../Engine/Plugins/Runtime/OpenXR/Content/Devices/OculusTouch_v3/MRTexture.uexp" 450
"../../../Engine/Plugins/Runtime/OpenXR/Content/Devices/OculusTouch_v3/MRTexture.ubulk" 451
"../../../Engine/Plugins/Runtime/OpenXR/Content/Devices/OculusTouch_v3/BaseTexture.uasset" 452
"../../../Engine/Plugins/Runtime/OpenXR/Content/Devices/OculusTouch_v3/BaseTexture.uexp" 453
"../../../Engine/Plugins/Runtime/OpenXR/Content/Devices/OculusTouch_v3/BaseTexture.ubulk" 454
"../../../Engine/Plugins/Runtime/OpenXR/Content/Devices/OculusTouch_v3/MI_OculusTouch_v3.uasset" 455
"../../../Engine/Plugins/Runtime/OpenXR/Content/Devices/OculusTouch_v3/MI_OculusTouch_v3.uexp" 456
"../../../Engine/Plugins/Runtime/OpenXR/Content/Devices/OculusTouch_v3/Left/left_OculusTouch_v3Controller.uasset" 457
"../../../Engine/Plugins/Runtime/OpenXR/Content/Devices/OculusTouch_v3/Left/left_OculusTouch_v3Controller.uexp" 458
"../../../Engine/Plugins/Runtime/OpenXR/Content/Devices/OculusTouch_v3/Right/right_OculusTouch_v3Controller.uasset" 459
"../../../Engine/Plugins/Runtime/OpenXR/Content/Devices/OculusTouch_v3/Right/right_OculusTouch_v3Controller.uexp" 460
"../../../Engine/Plugins/Runtime/OpenXR/Content/Devices/ValveIndex/MRTexture.uasset" 461
"../../../Engine/Plugins/Runtime/OpenXR/Content/Devices/ValveIndex/MRTexture.uexp" 462
"../../../Engine/Plugins/Runtime/OpenXR/Content/Devices/ValveIndex/MRTexture.ubulk" 463
"../../../Engine/Plugins/Runtime/OpenXR/Content/Devices/ValveIndex/BaseTexture.uasset" 464
"../../../Engine/Plugins/Runtime/OpenXR/Content/Devices/ValveIndex/BaseTexture.uexp" 465
"../../../Engine/Plugins/Runtime/OpenXR/Content/Devices/ValveIndex/BaseTexture.ubulk" 466
"../../../Engine/Plugins/Runtime/OpenXR/Content/Devices/ValveIndex/Left/MI_left_ValveIndex.uasset" 467
"../../../Engine/Plugins/Runtime/OpenXR/Content/Devices/ValveIndex/Left/MI_left_ValveIndex.uexp" 468
"../../../Engine/Plugins/Runtime/OpenXR/Content/Devices/ValveIndex/Left/left_ValveIndexController.uasset" 469
"../../../Engine/Plugins/Runtime/OpenXR/Content/Devices/ValveIndex/Left/left_ValveIndexController.uexp" 470
"../../../Engine/Plugins/Runtime/OpenXR/Content/Devices/ValveIndex/Right/MI_right_ValveIndex.uasset" 471
"../../../Engine/Plugins/Runtime/OpenXR/Content/Devices/ValveIndex/Right/MI_right_ValveIndex.uexp" 472
"../../../Engine/Plugins/Runtime/OpenXR/Content/Devices/ValveIndex/Right/right_ValveIndexController.uasset" 473
"../../../Engine/Plugins/Runtime/OpenXR/Content/Devices/ValveIndex/Right/right_ValveIndexController.uexp" 474
"../../../Engine/Content/Functions/Engine_MaterialFunctions02/Utility/BreakOutFloat4Components.uasset" 475
"../../../Engine/Content/Functions/Engine_MaterialFunctions02/Utility/BreakOutFloat4Components.uexp" 476
"../../../Engine/Content/Functions/Engine_MaterialFunctions02/Utility/MakeFloat3.uasset" 477
"../../../Engine/Content/Functions/Engine_MaterialFunctions02/Utility/MakeFloat3.uexp" 478
"../../../Engine/Plugins/Runtime/Oculus/OculusVR/Content/Materials/OculusMR_ChromaKey.uasset" 479
"../../../Engine/Plugins/Runtime/Oculus/OculusVR/Content/Materials/OculusMR_ChromaKey.uexp" 480
"../../../Engine/Plugins/Runtime/Oculus/OculusVR/Content/Materials/OculusMR_OpaqueColoredMaterial.uasset" 481
"../../../Engine/Plugins/Runtime/Oculus/OculusVR/Content/Materials/OculusMR_OpaqueColoredMaterial.uexp" 482
"../../../Engine/Plugins/Runtime/Oculus/OculusVR/Content/Materials/PokeAHoleMaterial.uasset" 483
"../../../Engine/Plugins/Runtime/Oculus/OculusVR/Content/Materials/PokeAHoleMaterial.uexp" 484
"../../../Engine/Plugins/Runtime/Oculus/OculusVR/Content/Textures/touchController_controlmap.uasset" 485
"../../../Engine/Plugins/Runtime/Oculus/OculusVR/Content/Textures/touchController_controlmap.uexp" 486
"../../../Engine/Plugins/Runtime/Oculus/OculusVR/Content/Textures/touchController_controlmap.ubulk" 487
"../../../Engine/Plugins/Runtime/Oculus/OculusVR/Content/Textures/touchController_albedo.uasset" 488
"../../../Engine/Plugins/Runtime/Oculus/OculusVR/Content/Textures/touchController_albedo.uexp" 489
"../../../Engine/Plugins/Runtime/Oculus/OculusVR/Content/Textures/touchController_albedo.ubulk" 490
"../../../Engine/Plugins/Runtime/Oculus/OculusVR/Content/Materials/touchController_mat.uasset" 491
"../../../Engine/Plugins/Runtime/Oculus/OculusVR/Content/Materials/touchController_mat.uexp" 492
"../../../Engine/Plugins/Runtime/Oculus/OculusVR/Content/Meshes/LeftTouchController.uasset" 493
"../../../Engine/Plugins/Runtime/Oculus/OculusVR/Content/Meshes/LeftTouchController.uexp" 494
"../../../Engine/Plugins/Runtime/Oculus/OculusVR/Content/Textures/TouchForQuestRiftSController_albedo.uasset" 495
"../../../Engine/Plugins/Runtime/Oculus/OculusVR/Content/Textures/TouchForQuestRiftSController_albedo.uexp" 496
"../../../Engine/Plugins/Runtime/Oculus/OculusVR/Content/Textures/TouchForQuestRiftSController_albedo.ubulk" 497
"../../../Engine/Plugins/Runtime/Oculus/OculusVR/Content/Materials/TouchForQuestRiftSControllerMaterial.uasset" 498
"../../../Engine/Plugins/Runtime/Oculus/OculusVR/Content/Materials/TouchForQuestRiftSControllerMaterial.uexp" 499
"../../../Engine/Plugins/Runtime/Oculus/OculusVR/Content/Meshes/LeftTouchForQuestRiftSController.uasset" 500
"../../../Engine/Plugins/Runtime/Oculus/OculusVR/Content/Meshes/LeftTouchForQuestRiftSController.uexp" 501
"../../../Engine/Plugins/Runtime/Oculus/OculusVR/Content/Meshes/RiftHMD.uasset" 502
"../../../Engine/Plugins/Runtime/Oculus/OculusVR/Content/Meshes/RiftHMD.uexp" 503
"../../../Engine/Plugins/Runtime/Oculus/OculusVR/Content/Meshes/RightTouchController.uasset" 504
"../../../Engine/Plugins/Runtime/Oculus/OculusVR/Content/Meshes/RightTouchController.uexp" 505
"../../../Engine/Plugins/Runtime/Oculus/OculusVR/Content/Meshes/RightTouchForQuestRiftSController.uasset" 506
"../../../Engine/Plugins/Runtime/Oculus/OculusVR/Content/Meshes/RightTouchForQuestRiftSController.uexp" 507
"../../../Engine/Content/EngineSky/T_Sky_Stars.uasset" 508
"../../../Engine/Content/EngineSky/T_Sky_Stars.uexp" 509
"../../../Engine/Content/EngineSky/T_Sky_Stars.ubulk" 510
"../../../Engine/Content/EngineSky/T_Sky_Clouds_M.uasset" 511
"../../../Engine/Content/EngineSky/T_Sky_Clouds_M.uexp" 512
"../../../Engine/Content/EngineSky/T_Sky_Clouds_M.ubulk" 513
"../../../Engine/Content/EngineSky/T_Sky_Blue.uasset" 514
"../../../Engine/Content/EngineSky/T_Sky_Blue.uexp" 515
"../../../Engine/Content/EngineSky/T_Sky_Blue.ubulk" 516
"../../../Engine/Content/EngineSky/M_Sky_Panning_Clouds2.uasset" 517
"../../../Engine/Content/EngineSky/M_Sky_Panning_Clouds2.uexp" 518
"E:/UserPrograms/UnrealEngine/Projects/TDS_Gamebox/Content/Levels/MainMap_BuiltData.uasset" 519
"E:/UserPrograms/UnrealEngine/Projects/TDS_Gamebox/Content/Levels/MainMap_BuiltData.uexp" 520
"../../../Engine/Content/EngineSky/SM_SkySphere.uasset" 521
"../../../Engine/Content/EngineSky/SM_SkySphere.uexp" 522
"../../../Engine/Content/EngineSky/C_Sky_Zenith_Color.uasset" 523
"../../../Engine/Content/EngineSky/C_Sky_Zenith_Color.uexp" 524
"../../../Engine/Content/EngineSky/C_Sky_Horizon_Color.uasset" 525
"../../../Engine/Content/EngineSky/C_Sky_Horizon_Color.uexp" 526
"../../../Engine/Content/EngineSky/C_Sky_Cloud_Color.uasset" 527
"../../../Engine/Content/EngineSky/C_Sky_Cloud_Color.uexp" 528
"../../../Engine/Content/EditorBlueprintResources/StandardMacros.uasset" 529
"../../../Engine/Content/EditorBlueprintResources/StandardMacros.uexp" 530
"../../../Engine/Content/EngineSky/BP_Sky_Sphere.uasset" 531
"../../../Engine/Content/EngineSky/BP_Sky_Sphere.uexp" 532
"E:/UserPrograms/UnrealEngine/Projects/TDS_Gamebox/Content/Blueprints/UI/Font.uasset" 533
"E:/UserPrograms/UnrealEngine/Projects/TDS_Gamebox/Content/Blueprints/UI/Font.uexp" 534
"E:/UserPrograms/UnrealEngine/Projects/TDS_Gamebox/Content/Blueprints/UI/BP_UI.uasset" 535
"E:/UserPrograms/UnrealEngine/Projects/TDS_Gamebox/Content/Blueprints/UI/BP_UI.uexp" 536
"../../../Engine/Content/BasicShapes/BasicShapeMaterial.uasset" 537
"../../../Engine/Content/BasicShapes/BasicShapeMaterial.uexp" 538
"E:/UserPrograms/UnrealEngine/Projects/TDS_Gamebox/Content/Blueprints/BP_GameActor.uasset" 539
"E:/UserPrograms/UnrealEngine/Projects/TDS_Gamebox/Content/Blueprints/BP_GameActor.uexp" 540
"E:/UserPrograms/UnrealEngine/Projects/TDS_Gamebox/Content/Blueprints/Weapons/BP_BoltBase.uasset" 541
"E:/UserPrograms/UnrealEngine/Projects/TDS_Gamebox/Content/Blueprints/Weapons/BP_BoltBase.uexp" 542
"E:/UserPrograms/UnrealEngine/Projects/TDS_Gamebox/Content/CustomMeshes/Cylinder_Brush_StaticMesh.uasset" 543
"E:/UserPrograms/UnrealEngine/Projects/TDS_Gamebox/Content/CustomMeshes/Cylinder_Brush_StaticMesh.uexp" 544
"../../../Engine/Content/EditorMaterials/WidgetMaterial_X.uasset" 545
"../../../Engine/Content/EditorMaterials/WidgetMaterial_X.uexp" 546
"E:/UserPrograms/UnrealEngine/Projects/TDS_Gamebox/Content/Blueprints/Cursors/BP_CursorBase.uasset" 547
"E:/UserPrograms/UnrealEngine/Projects/TDS_Gamebox/Content/Blueprints/Cursors/BP_CursorBase.uexp" 548
"E:/UserPrograms/UnrealEngine/Projects/TDS_Gamebox/Content/Blueprints/Cursors/BP_CursorPistol.uasset" 549
"E:/UserPrograms/UnrealEngine/Projects/TDS_Gamebox/Content/Blueprints/Cursors/BP_CursorPistol.uexp" 550
"E:/UserPrograms/UnrealEngine/Projects/TDS_Gamebox/Content/Blueprints/Enemyes/BP_EnemyBase.uasset" 551
"E:/UserPrograms/UnrealEngine/Projects/TDS_Gamebox/Content/Blueprints/Enemyes/BP_EnemyBase.uexp" 552
"E:/UserPrograms/UnrealEngine/Projects/TDS_Gamebox/Content/Blueprints/Player/BP_PlayerBase.uasset" 553
"E:/UserPrograms/UnrealEngine/Projects/TDS_Gamebox/Content/Blueprints/Player/BP_PlayerBase.uexp" 554
"E:/UserPrograms/UnrealEngine/Projects/TDS_Gamebox/Content/Blueprints/Weapons/BP_WeaponBase.uasset" 555
"E:/UserPrograms/UnrealEngine/Projects/TDS_Gamebox/Content/Blueprints/Weapons/BP_WeaponBase.uexp" 556
"E:/UserPrograms/UnrealEngine/Projects/TDS_Gamebox/Content/Blueprints/Weapons/BP_WeaponSword.uasset" 557
"E:/UserPrograms/UnrealEngine/Projects/TDS_Gamebox/Content/Blueprints/Weapons/BP_WeaponSword.uexp" 558
"../../../Engine/Content/BasicShapes/Cube.uasset" 559
"../../../Engine/Content/BasicShapes/Cube.uexp" 560
"E:/UserPrograms/UnrealEngine/Projects/TDS_Gamebox/Content/Blueprints/Weapons/BP_BoltSword.uasset" 561
"E:/UserPrograms/UnrealEngine/Projects/TDS_Gamebox/Content/Blueprints/Weapons/BP_BoltSword.uexp" 562
"E:/UserPrograms/UnrealEngine/Projects/TDS_Gamebox/Content/Blueprints/Weapons/BP_WeaponSwordSimple.uasset" 563
"E:/UserPrograms/UnrealEngine/Projects/TDS_Gamebox/Content/Blueprints/Weapons/BP_WeaponSwordSimple.uexp" 564
"../../../Engine/Content/BasicShapes/Cone.uasset" 565
"../../../Engine/Content/BasicShapes/Cone.uexp" 566
"E:/UserPrograms/UnrealEngine/Projects/TDS_Gamebox/Content/Blueprints/Weapons/BP_BoltBulet.uasset" 567
"E:/UserPrograms/UnrealEngine/Projects/TDS_Gamebox/Content/Blueprints/Weapons/BP_BoltBulet.uexp" 568
"E:/UserPrograms/UnrealEngine/Projects/TDS_Gamebox/Content/Blueprints/Weapons/BP_BoltSwordBig.uasset" 569
"E:/UserPrograms/UnrealEngine/Projects/TDS_Gamebox/Content/Blueprints/Weapons/BP_BoltSwordBig.uexp" 570
"E:/UserPrograms/UnrealEngine/Projects/TDS_Gamebox/Content/Blueprints/Weapons/BP_WeaponSwordBig.uasset" 571
"E:/UserPrograms/UnrealEngine/Projects/TDS_Gamebox/Content/Blueprints/Weapons/BP_WeaponSwordBig.uexp" 572
"E:/UserPrograms/UnrealEngine/Projects/TDS_Gamebox/Content/Blueprints/Weapons/BP_WeaponPistol.uasset" 573
"E:/UserPrograms/UnrealEngine/Projects/TDS_Gamebox/Content/Blueprints/Weapons/BP_WeaponPistol.uexp" 574
"../../../Engine/Content/EngineMaterials/BaseFlattenGrayscaleMap.uasset" 575
"../../../Engine/Content/EngineMaterials/BaseFlattenGrayscaleMap.uexp" 576
"../../../Engine/Content/EngineMaterials/BaseFlattenEmissiveMap.uasset" 577
"../../../Engine/Content/EngineMaterials/BaseFlattenEmissiveMap.uexp" 578
"../../../Engine/Content/EngineMaterials/BaseFlattenDiffuseMap.uasset" 579
"../../../Engine/Content/EngineMaterials/BaseFlattenDiffuseMap.uexp" 580
"../../../Engine/Content/EngineMaterials/BaseFlattenMaterial.uasset" 581
"../../../Engine/Content/EngineMaterials/BaseFlattenMaterial.uexp" 582
"E:/UserPrograms/UnrealEngine/Projects/TDS_Gamebox/Content/Blueprints/Weapons/BP_BoltBuletPistol.uasset" 583
"E:/UserPrograms/UnrealEngine/Projects/TDS_Gamebox/Content/Blueprints/Weapons/BP_BoltBuletPistol.uexp" 584
"E:/UserPrograms/UnrealEngine/Projects/TDS_Gamebox/Content/Blueprints/Weapons/BP_WeaponPistolSimple.uasset" 585
"E:/UserPrograms/UnrealEngine/Projects/TDS_Gamebox/Content/Blueprints/Weapons/BP_WeaponPistolSimple.uexp" 586
"E:/UserPrograms/UnrealEngine/Projects/TDS_Gamebox/Content/Blueprints/Weapons/BP_WeaponPistolShutgun.uasset" 587
"E:/UserPrograms/UnrealEngine/Projects/TDS_Gamebox/Content/Blueprints/Weapons/BP_WeaponPistolShutgun.uexp" 588
"../../../Engine/Content/MapTemplates/Materials/BasicAsset02.uasset" 589
"../../../Engine/Content/MapTemplates/Materials/BasicAsset02.uexp" 590
"E:/UserPrograms/UnrealEngine/Projects/TDS_Gamebox/Content/Blueprints/Weapons/BP_BoltBuletLaser.uasset" 591
"E:/UserPrograms/UnrealEngine/Projects/TDS_Gamebox/Content/Blueprints/Weapons/BP_BoltBuletLaser.uexp" 592
"E:/UserPrograms/UnrealEngine/Projects/TDS_Gamebox/Content/Blueprints/Weapons/BP_WeaponPistolBig.uasset" 593
"E:/UserPrograms/UnrealEngine/Projects/TDS_Gamebox/Content/Blueprints/Weapons/BP_WeaponPistolBig.uexp" 594
"../../../Engine/Content/BasicShapes/Sphere.uasset" 595
"../../../Engine/Content/BasicShapes/Sphere.uexp" 596
"E:/UserPrograms/UnrealEngine/Projects/TDS_Gamebox/Content/Blueprints/Weapons/BP_BoltBuletSword.uasset" 597
"E:/UserPrograms/UnrealEngine/Projects/TDS_Gamebox/Content/Blueprints/Weapons/BP_BoltBuletSword.uexp" 598
"E:/UserPrograms/UnrealEngine/Projects/TDS_Gamebox/Content/Blueprints/Weapons/BP_WeaponPistolSword.uasset" 599
"E:/UserPrograms/UnrealEngine/Projects/TDS_Gamebox/Content/Blueprints/Weapons/BP_WeaponPistolSword.uexp" 600
"../../../Engine/Content/MapTemplates/Materials/BasicAsset03.uasset" 601
"../../../Engine/Content/MapTemplates/Materials/BasicAsset03.uexp" 602
"../../../Engine/Content/MapTemplates/Materials/BasicAsset01.uasset" 603
"../../../Engine/Content/MapTemplates/Materials/BasicAsset01.uexp" 604
"E:/UserPrograms/UnrealEngine/Projects/TDS_Gamebox/Content/Blueprints/Cursors/BP_CursorSword.uasset" 605
"E:/UserPrograms/UnrealEngine/Projects/TDS_Gamebox/Content/Blueprints/Cursors/BP_CursorSword.uexp" 606
"E:/UserPrograms/UnrealEngine/Projects/TDS_Gamebox/Content/Blueprints/Player/BP_PlayerSworder.uasset" 607
"E:/UserPrograms/UnrealEngine/Projects/TDS_Gamebox/Content/Blueprints/Player/BP_PlayerSworder.uexp" 608
"../../../Engine/Content/EditorMaterials/Cascade/CASC_Normal.uasset" 609
"../../../Engine/Content/EditorMaterials/Cascade/CASC_Normal.uexp" 610
"../../../Engine/Content/EditorMaterials/Cascade/CASC_RenderNormal_MAT.uasset" 611
"../../../Engine/Content/EditorMaterials/Cascade/CASC_RenderNormal_MAT.uexp" 612
"E:/UserPrograms/UnrealEngine/Projects/TDS_Gamebox/Content/Blueprints/Enemyes/BP_EnemyShoter.uasset" 613
"E:/UserPrograms/UnrealEngine/Projects/TDS_Gamebox/Content/Blueprints/Enemyes/BP_EnemyShoter.uexp" 614
"../../../Engine/Content/EngineMaterials/EditorBrushMaterial.uasset" 615
"../../../Engine/Content/EngineMaterials/EditorBrushMaterial.uexp" 616
"../../../Engine/Content/VREditor/UI/KeyDiskMaterial.uasset" 617
"../../../Engine/Content/VREditor/UI/KeyDiskMaterial.uexp" 618
"../../../Engine/Content/VREditor/UI/DiscMaterial.uasset" 619
"../../../Engine/Content/VREditor/UI/DiscMaterial.uexp" 620
"E:/UserPrograms/UnrealEngine/Projects/TDS_Gamebox/Content/Blueprints/BP_UnvisibleBlock.uasset" 621
"E:/UserPrograms/UnrealEngine/Projects/TDS_Gamebox/Content/Blueprints/BP_UnvisibleBlock.uexp" 622
"E:/UserPrograms/UnrealEngine/Projects/TDS_Gamebox/Content/Blueprints/BP_MapBase.uasset" 623
"E:/UserPrograms/UnrealEngine/Projects/TDS_Gamebox/Content/Blueprints/BP_MapBase.uexp" 624
"../../../Engine/Content/VREditor/Devices/Generic/GenericHMDMaterial.uasset" 625
"../../../Engine/Content/VREditor/Devices/Generic/GenericHMDMaterial.uexp" 626
"../../../Engine/Content/VREditor/Devices/Generic/GenericHMDMaterial_Inst.uasset" 627
"../../../Engine/Content/VREditor/Devices/Generic/GenericHMDMaterial_Inst.uexp" 628
"E:/UserPrograms/UnrealEngine/Projects/TDS_Gamebox/Content/Blueprints/Enemyes/BP_EnemyBoss.uasset" 629
"E:/UserPrograms/UnrealEngine/Projects/TDS_Gamebox/Content/Blueprints/Enemyes/BP_EnemyBoss.uexp" 630
"E:/UserPrograms/UnrealEngine/Projects/TDS_Gamebox/Content/Blueprints/BP_PlayerPawn.uasset" 631
"E:/UserPrograms/UnrealEngine/Projects/TDS_Gamebox/Content/Blueprints/BP_PlayerPawn.uexp" 632
"E:/UserPrograms/UnrealEngine/Projects/TDS_Gamebox/Content/GameMode/BP_GameMode.uasset" 633
"E:/UserPrograms/UnrealEngine/Projects/TDS_Gamebox/Content/GameMode/BP_GameMode.uexp" 634
"../../../Engine/Content/EditorMaterials/Cloth/CameraLitDoubleSided.uasset" 635
"../../../Engine/Content/EditorMaterials/Cloth/CameraLitDoubleSided.uexp" 636
"E:/UserPrograms/UnrealEngine/Projects/TDS_Gamebox/Content/Blueprints/Player/BP_PlayerShoter.uasset" 637
"E:/UserPrograms/UnrealEngine/Projects/TDS_Gamebox/Content/Blueprints/Player/BP_PlayerShoter.uexp" 638
"E:/UserPrograms/UnrealEngine/Projects/TDS_Gamebox/Content/Levels/MainMap.uexp" 639
"E:/UserPrograms/UnrealEngine/Projects/TDS_Gamebox/Content/Levels/MainMap.umap" 640
"../../../Engine/Content/Maps/Entry_BuiltData.uasset" 641
"../../../Engine/Content/Maps/Entry_BuiltData.uexp" 642
"../../../Engine/Content/Maps/Entry.uexp" 643
"../../../Engine/Content/Maps/Entry.umap" 644
